  mem.cpp
C:\Users\Pot4t0\Desktop\mw2-cheat\mw2-cheat\mem.cpp(16,7): error C2664: 'int strcmp(const char *,const char *)': cannot convert argument 2 from 'WCHAR [260]' to 'const char *'
C:\Users\Pot4t0\Desktop\mw2-cheat\mw2-cheat\mem.cpp(16,42): message : Types pointed to are unrelated; conversion requires reinterpret_cast, C-style cast or function-style cast
C:\Program Files (x86)\Windows Kits\10\Include\10.0.22000.0\ucrt\string.h(100,13): message : see declaration of 'strcmp'
C:\Users\Pot4t0\Desktop\mw2-cheat\mw2-cheat\mem.cpp(43,7): error C2664: 'int strcmp(const char *,const char *)': cannot convert argument 2 from 'WCHAR [256]' to 'const char *'
C:\Users\Pot4t0\Desktop\mw2-cheat\mw2-cheat\mem.cpp(43,30): message : Types pointed to are unrelated; conversion requires reinterpret_cast, C-style cast or function-style cast
C:\Program Files (x86)\Windows Kits\10\Include\10.0.22000.0\ucrt\string.h(100,13): message : see declaration of 'strcmp'
C:\Users\Pot4t0\Desktop\mw2-cheat\mw2-cheat\mem.cpp(126,52): warning C4312: 'type cast': conversion from 'DWORD' to 'LPCVOID' of greater size
C:\Users\Pot4t0\Desktop\mw2-cheat\mw2-cheat\mem.cpp(133,58): warning C4312: 'type cast': conversion from 'DWORD' to 'LPCVOID' of greater size
  main.cpp
C:\Users\Pot4t0\Desktop\mw2-cheat\mw2-cheat\main.cpp(84,37): warning C4309: 'argument': truncation of constant value
C:\Users\Pot4t0\Desktop\mw2-cheat\mw2-cheat\Mem.hpp(37,1): warning C4312: 'type cast': conversion from 'DWORD' to 'LPCVOID' of greater size
C:\Users\Pot4t0\Desktop\mw2-cheat\mw2-cheat\main.cpp(17): message : see reference to function template instantiation 'T mem::ReadProcesss<int>(DWORD,unsigned int)' being compiled
          with
          [
              T=int
          ]
C:\Users\Pot4t0\Desktop\mw2-cheat\mw2-cheat\Mem.hpp(37,1): warning C4312: 'type cast': conversion from 'T' to 'LPVOID' of greater size
          with
          [
              T=int
          ]
C:\Users\Pot4t0\Desktop\mw2-cheat\mw2-cheat\Mem.hpp(50,1): warning C4312: 'type cast': conversion from 'DWORD' to 'LPVOID' of greater size
C:\Users\Pot4t0\Desktop\mw2-cheat\mw2-cheat\main.cpp(84): message : see reference to function template instantiation 'void mem::WriteProcess<long>(DWORD,T)' being compiled
          with
          [
              T=long
          ]
C:\Users\Pot4t0\Desktop\mw2-cheat\mw2-cheat\Mem.hpp(57,1): warning C4312: 'type cast': conversion from 'DWORD' to 'LPCVOID' of greater size
C:\Users\Pot4t0\Desktop\mw2-cheat\mw2-cheat\main.cpp(88): message : see reference to function template instantiation 'void mem::WriteProcess<int>(DWORD,T,BYTE)' being compiled
          with
          [
              T=int
          ]
C:\Users\Pot4t0\Desktop\mw2-cheat\mw2-cheat\Mem.hpp(59,1): warning C4312: 'type cast': conversion from 'DWORD' to 'LPVOID' of greater size
C:\Users\Pot4t0\Desktop\mw2-cheat\mw2-cheat\Mem.hpp(64,1): warning C4312: 'type cast': conversion from 'DWORD' to 'LPVOID' of greater size
C:\Users\Pot4t0\Desktop\mw2-cheat\mw2-cheat\main.cpp(98): message : see reference to function template instantiation 'void mem::WriteProcess<BYTE>(DWORD,std::vector<BYTE,std::allocator<BYTE>>,unsigned int)' being compiled
  Generating Code...
C:\Users\Pot4t0\Desktop\mw2-cheat\mw2-cheat\Mem.hpp(37): error C4700: uninitialized local variable 'ret' used
